<?xml version="1.0" encoding="UTF-8"?>
<testsuite name="ase.cwk.ArrayCheckerTest" tests="1" skipped="0" failures="0" errors="0" timestamp="2020-12-05T04:56:22" hostname="DESKTOP-QK0CUPA" time="0.069">
  <properties/>
  <testcase name="testCheck()" classname="ase.cwk.ArrayCheckerTest" time="0.069"/>
  <system-out><![CDATA[]]></system-out>
  <system-err><![CDATA[]]></system-err>
</testsuite>
